<?xml version="1.0" encoding="UTF-8"?>
<!-- Generated by org.testng.reporters.JUnitReportReporter -->
<testsuite hostname="DESKTOP-PASK6S8" failures="0" tests="3" name="testing.FlipkartTest" time="40.803" errors="0" timestamp="2024-05-30T13:26:10 IST" skipped="0">
  <testcase classname="testing.FlipkartTest" name="verifyProductNameandPriceinCart" time="14.817"/>
  <system-out/>
  <testcase classname="testing.FlipkartTest" name="verifyTitleandHeading" time="6.707"/>
  <system-out/>
  <testcase classname="testing.FlipkartTest" name="verifyPricesSortingOrder" time="19.279"/>
  <system-out/>
</testsuite> <!-- testing.FlipkartTest -->
